<?xml version="1.0" encoding="UTF-8" ?>
<testsuite errors="1" failures="0" hostname="localhost.localdomain" name="edu.cornell.med.icb.goby.algorithmic.data.TestDistinctIntValueCounter" tests="1" time="0.0" timestamp="2013-12-03T15:52:28">
  <properties>
    <property name="ant.file.pmd" value="/home/mil2041/Fabien_lab/contig_mapping_project/goby/testsupport/pmd/build.xml" />
    <property name="buildstamp" value="20131203104145" />
    <property name="env.DESKTOP_SESSION" value="gnome" />
    <property name="file.encoding.pkg" value="sun.io" />
    <property name="test-failure" value="true" />
    <property name="ant.file.cobertura" value="/home/mil2041/Fabien_lab/contig_mapping_project/goby/testsupport/cobertura/build.xml" />
    <property name="java.home" value="/usr/java/jdk1.6.0_45/jre" />
    <property name="checkstyle-config" value="/home/mil2041/Fabien_lab/contig_mapping_project/goby/testsupport/checkstyle/config/icb_checks.xml" />
    <property name="env.GDM_LANG" value="en_US.UTF-8" />
    <property name="checkstyle.basedir" value="/home/mil2041/Fabien_lab/contig_mapping_project/goby/testsupport/checkstyle" />
    <property name="ant.file.jdepend" value="/home/mil2041/Fabien_lab/contig_mapping_project/goby/testsupport/jdepend/build.xml" />
    <property name="env.DISPLAY" value=":0.0" />
    <property name="ant.file.buildsupport" value="/home/mil2041/Fabien_lab/contig_mapping_project/goby/buildsupport/build.xml" />
    <property name="env.LS_COLORS" value="rs=0:di=01;34:ln=01;36:mh=00:pi=40;33:so=01;35:do=01;35:bd=40;33;01:cd=40;33;01:or=40;31;01:mi=01;05;37;41:su=37;41:sg=30;43:ca=30;41:tw=30;42:ow=34;42:st=37;44:ex=01;32:*.tar=01;31:*.tgz=01;31:*.arj=01;31:*.taz=01;31:*.lzh=01;31:*.lzma=01;31:*.tlz=01;31:*.txz=01;31:*.zip=01;31:*.z=01;31:*.Z=01;31:*.dz=01;31:*.gz=01;31:*.lz=01;31:*.xz=01;31:*.bz2=01;31:*.tbz=01;31:*.tbz2=01;31:*.bz=01;31:*.tz=01;31:*.deb=01;31:*.rpm=01;31:*.jar=01;31:*.war=01;31:*.ear=01;31:*.sar=01;31:*.rar=01;31:*.ace=01;31:*.zoo=01;31:*.cpio=01;31:*.7z=01;31:*.rz=01;31:*.jpg=01;35:*.jpeg=01;35:*.gif=01;35:*.bmp=01;35:*.pbm=01;35:*.pgm=01;35:*.ppm=01;35:*.tga=01;35:*.xbm=01;35:*.xpm=01;35:*.tif=01;35:*.tiff=01;35:*.png=01;35:*.svg=01;35:*.svgz=01;35:*.mng=01;35:*.pcx=01;35:*.mov=01;35:*.mpg=01;35:*.mpeg=01;35:*.m2v=01;35:*.mkv=01;35:*.ogm=01;35:*.mp4=01;35:*.m4v=01;35:*.mp4v=01;35:*.vob=01;35:*.qt=01;35:*.nuv=01;35:*.wmv=01;35:*.asf=01;35:*.rm=01;35:*.rmvb=01;35:*.flc=01;35:*.avi=01;35:*.fli=01;35:*.flv=01;35:*.gl=01;35:*.dl=01;35:*.xcf=01;35:*.xwd=01;35:*.yuv=01;35:*.cgm=01;35:*.emf=01;35:*.axv=01;35:*.anx=01;35:*.ogv=01;35:*.ogx=01;35:*.aac=01;36:*.au=01;36:*.flac=01;36:*.mid=01;36:*.midi=01;36:*.mka=01;36:*.mp3=01;36:*.mpc=01;36:*.ogg=01;36:*.ra=01;36:*.wav=01;36:*.axa=01;36:*.oga=01;36:*.spx=01;36:*.xspf=01;36:" />
    <property name="debug" value="on" />
    <property name="env.XDG_SESSION_COOKIE" value="0456f3d531283064b45a24f40000001b-1386083962.104055-1051940053" />
    <property name="goby-spi-jarfile" value="/home/mil2041/Fabien_lab/contig_mapping_project/goby/goby-spi.jar" />
    <property name="java.endorsed.dirs" value="/usr/java/jdk1.6.0_45/jre/lib/endorsed" />
    <property name="env.LOGNAME" value="mil2041" />
    <property name="build.basedir" value="/home/mil2041/Fabien_lab/contig_mapping_project/goby" />
    <property name="env.USERNAME" value="mil2041" />
    <property name="env.SESSION_MANAGER" value="local/unix:@/tmp/.ICE-unix/1490,unix/unix:/tmp/.ICE-unix/1490" />
    <property name="sun.os.patch.level" value="unknown" />
    <property name="log4j.debug" value="true" />
    <property name="java.vendor.url" value="http://java.sun.com/" />
    <property name="env.G_BROKEN_FILENAMES" value="1" />
    <property name="java.version" value="1.6.0_45" />
    <property name="env.ORBIT_SOCKETDIR" value="/tmp/orbit-mil2041" />
    <property name="classes" value="/home/mil2041/Fabien_lab/contig_mapping_project/goby/classes" />
    <property name="java.vendor.url.bug" value="http://java.sun.com/cgi-bin/bugreport.cgi" />
    <property name="goby-jarfile-name" value="goby.jar" />
    <property name="cobertura-classes" value="/home/mil2041/Fabien_lab/contig_mapping_project/goby/cobertura-classes" />
    <property name="test.timeout" value="600000" />
    <property name="env.GNOME_KEYRING_CONTROL" value="/tmp/keyring-jaroSF" />
    <property name="user.name" value="mil2041" />
    <property name="env.LANG" value="en_US.UTF-8" />
    <property name="svnhost" value="pbtech-vc.med.cornell.edu" />
    <property name="env.CVS_RSH" value="ssh" />
    <property name="ant.file.testsupport" value="/home/mil2041/Fabien_lab/contig_mapping_project/goby/testsupport/build.xml" />
    <property name="sun.io.unicode.encoding" value="UnicodeLittle" />
    <property name="sun.jnu.encoding" value="UTF-8" />
    <property name="env.DBUS_SESSION_BUS_ADDRESS" value="unix:abstract=/tmp/dbus-cwK4HfnSB4,guid=93d69ed8242fbbb73c252dc800060a14" />
    <property name="java.runtime.name" value="Java(TM) SE Runtime Environment" />
    <property name="env.SSH_ASKPASS" value="/usr/libexec/openssh/gnome-ssh-askpass" />
    <property name="optimize" value="on" />
    <property name="label" value="development" />
    <property name="java.specification.name" value="Java Platform API Specification" />
    <property name="user.timezone" value="" />
    <property name="env.LESSOPEN" value="||/usr/bin/lesspipe.sh %s" />
    <property name="goby-jarfile" value="/home/mil2041/Fabien_lab/contig_mapping_project/goby/goby.jar" />
    <property name="path.separator" value=":" />
    <property name="env.XMODIFIERS" value="@im=none" />
    <property name="file.encoding" value="UTF-8" />
    <property name="test-src" value="/home/mil2041/Fabien_lab/contig_mapping_project/goby/test-src" />
    <property name="logs" value="/home/mil2041/Fabien_lab/contig_mapping_project/goby/logs" />
    <property name="lib" value="/home/mil2041/Fabien_lab/contig_mapping_project/goby/lib" />
    <property name="env.HOME" value="/home/mil2041" />
    <property name="sun.java.command" value="org.apache.tools.ant.launch.Launcher -cp " />
    <property name="ant.file" value="/home/mil2041/Fabien_lab/contig_mapping_project/goby/build.xml" />
    <property name="test-results" value="/home/mil2041/Fabien_lab/contig_mapping_project/goby/test-results" />
    <property name="env.HOSTNAME" value="localhost.localdomain" />
    <property name="java.io.tmpdir" value="/tmp" />
    <property name="env.GNOME_KEYRING_PID" value="1478" />
    <property name="TODAY" value="December 3 2013" />
    <property name="user.language" value="en" />
    <property name="env.HISTCONTROL" value="ignoredups" />
    <property name="line.separator" value="
" />
    <property name="config" value="/home/mil2041/Fabien_lab/contig_mapping_project/goby/config" />
    <property name="env.HISTSIZE" value="1000" />
    <property name="svnant-lib" value="/home/mil2041/Fabien_lab/contig_mapping_project/goby/buildsupport/svnant" />
    <property name="java.vm.info" value="mixed mode, sharing" />
    <property name="sun.desktop" value="gnome" />
    <property name="java.vm.specification.name" value="Java Virtual Machine Specification" />
    <property name="env.COLORTERM" value="gnome-terminal" />
    <property name="pmd.basedir" value="/home/mil2041/Fabien_lab/contig_mapping_project/goby/testsupport/pmd" />
    <property name="env.GDMSESSION" value="gnome" />
    <property name="java.awt.printerjob" value="sun.print.PSPrinterJob" />
    <property name="ant.version" value="Apache Ant version 1.7.1 compiled on April 16 2010" />
    <property name="env.WINDOWID" value="77597089" />
    <property name="env.R_HOMED" value="/home/mil2041/R_home/R-dist" />
    <property name="os.name" value="Linux" />
    <property name="java.specification.vendor" value="Sun Microsystems Inc." />
    <property name="pre-test-task" value="pre-test-task" />
    <property name="env.TERM" value="xterm" />
    <property name="java.vm.name" value="Java HotSpot(TM) Client VM" />
    <property name="env.QT_IM_MODULE" value="xim" />
    <property name="test-lib" value="/home/mil2041/Fabien_lab/contig_mapping_project/goby/test-lib" />
    <property name="java.library.path" value="/usr/java/jdk1.6.0_45/jre/lib/i386/client:/usr/java/jdk1.6.0_45/jre/lib/i386:/usr/java/jdk1.6.0_45/jre/../lib/i386:/usr/java/packages/lib/i386:/lib:/usr/lib" />
    <property name="env.PATH" value="/home/mil2041/R_home/R-dist/bin:/usr/java/jdk1.6.0_45/bin:/home/mil2041/R_home/R-dist/bin:/usr/java/jdk1.6.0_45/bin:/usr/lib/qt-3.3/bin:/usr/lib/ccache:/usr/local/bin:/usr/bin:/bin:/usr/local/sbin:/usr/sbin:/sbin:/home/mil2041/bin" />
    <property name="ant.java.version" value="1.6" />
    <property name="basedir" value="/home/mil2041/Fabien_lab/contig_mapping_project/goby" />
    <property name="java.class.version" value="50.0" />
    <property name="env.SHLVL" value="2" />
    <property name="env.LD_LIBRARY_PATH" value="/usr/java/jdk1.6.0_45/jre/lib/i386/client:/usr/java/jdk1.6.0_45/jre/lib/i386:/usr/java/jdk1.6.0_45/jre/../lib/i386" />
    <property name="ant.home" value="/usr/share/ant" />
    <property name="javadocs" value="/home/mil2041/Fabien_lab/contig_mapping_project/goby/javadocs" />
    <property name="sun.boot.library.path" value="/usr/java/jdk1.6.0_45/jre/lib/i386" />
    <property name="sun.management.compiler" value="HotSpot Client Compiler" />
    <property name="java.awt.graphicsenv" value="sun.awt.X11GraphicsEnvironment" />
    <property name="year" value="2013" />
    <property name="env.USER" value="mil2041" />
    <property name="goby-api-jarfile" value="/home/mil2041/Fabien_lab/contig_mapping_project/goby/goby-api.jar" />
    <property name="ant.project.name" value="goby" />
    <property name="ant.file.goby" value="/home/mil2041/Fabien_lab/contig_mapping_project/goby/build.xml" />
    <property name="java.vm.specification.version" value="1.0" />
    <property name="env.GDM_KEYBOARD_LAYOUT" value="us" />
    <property name="test-classes" value="/home/mil2041/Fabien_lab/contig_mapping_project/goby/test-classes" />
    <property name="env.NLSPATH" value="/usr/dt/lib/nls/msg/%L/%N.cat" />
    <property name="test.max.memory" value="2000m" />
    <property name="sun.cpu.isalist" value="" />
    <property name="java.ext.dirs" value="/usr/java/jdk1.6.0_45/jre/lib/ext:/usr/java/packages/lib/ext" />
    <property name="findbugs.basedir" value="/home/mil2041/Fabien_lab/contig_mapping_project/goby/testsupport/findbugs" />
    <property name="os.version" value="2.6.35.14-106.fc14.i686" />
    <property name="user.home" value="/home/mil2041" />
    <property name="java.vm.vendor" value="Sun Microsystems Inc." />
    <property name="env.JAVA_HOME" value="/usr/java/jdk1.6.0_45/bin/.." />
    <property name="env.XAUTHORITY" value="/var/run/gdm/auth-for-mil2041-mxkn8D/database" />
    <property name="junit.basedir" value="/home/mil2041/Fabien_lab/contig_mapping_project/goby/testsupport/junit" />
    <property name="user.dir" value="/home/mil2041/Fabien_lab/contig_mapping_project/goby" />
    <property name="env.XFILESEARCHPATH" value="/usr/dt/app-defaults/%L/Dt" />
    <property name="env.WINDOWPATH" value="7" />
    <property name="env.MAIL" value="/var/spool/mail/mil2041" />
    <property name="ant.file.findbugs" value="/home/mil2041/Fabien_lab/contig_mapping_project/goby/testsupport/findbugs/build.xml" />
    <property name="env.PWD" value="/home/mil2041/Fabien_lab/contig_mapping_project/goby" />
    <property name="osfamily" value="unix" />
    <property name="buildsupport.basedir" value="/home/mil2041/Fabien_lab/contig_mapping_project/goby/buildsupport" />
    <property name="sun.cpu.endian" value="little" />
    <property name="env.QTLIB" value="/usr/lib/qt-3.3/lib" />
    <property name="ant.build.javac.target" value="1.6" />
    <property name="deprecation" value="off" />
    <property name="java.vm.version" value="20.45-b01" />
    <property name="java.class.path" value="/usr/share/java/ant.jar:/usr/share/java/ant-launcher.jar:/usr/share/java/jaxp_parser_impl.jar:/usr/share/java/xml-commons-apis.jar:/usr/share/java/antlr.jar:/usr/share/java/ant/ant-antlr.jar:/usr/share/java/bcel.jar:/usr/share/java/ant/ant-apache-bcel.jar:/usr/share/java/bsf.jar:/usr/share/java/ant/ant-apache-bsf.jar:/usr/share/java/log4j.jar:/usr/share/java/ant/ant-apache-log4j.jar:/usr/share/java/oro.jar:/usr/share/java/ant/ant-apache-oro.jar:/usr/share/java/regexp.jar:/usr/share/java/ant/ant-apache-regexp.jar:/usr/share/java/xml-commons-resolver.jar:/usr/share/java/ant/ant-apache-resolver.jar:/usr/share/java/ant/ant-commons-logging.jar:/usr/share/java/ant/ant-commons-net.jar:/usr/share/java/javamail/mail-1.4.3.jar:/usr/share/java/javamail/dsn-1.4.3.jar:/usr/share/java/jaf.jar:/usr/share/java/ant/ant-javamail.jar:/usr/share/java/jdepend.jar:/usr/share/java/ant/ant-jdepend.jar:/usr/share/java/jsch.jar:/usr/share/java/ant/ant-jsch.jar:/usr/share/java/junit.jar:/usr/share/java/ant/ant-junit.jar:/usr/share/java/ant/ant-nodeps.jar:/usr/share/java/ant/ant-swing.jar:/usr/share/java/jaxp_transform_impl.jar:/usr/share/java/ant/ant-trax.jar:/usr/share/java/xalan-j2-serializer.jar:/usr/java/jdk1.6.0_45/bin/../lib/tools.jar:/usr/share/ant/lib/ant-apache-bsf.jar:/usr/share/ant/lib/ant-apache-regexp.jar:/usr/share/ant/lib/ant-apache-oro.jar:/usr/share/ant/lib/ant-apache-bcel.jar:/usr/share/ant/lib/ant-commons-net.jar:/usr/share/ant/lib/ant-launcher.jar:/usr/share/ant/lib/ant-jsch.jar:/usr/share/ant/lib/ant-antlr.jar:/usr/share/ant/lib/ant-bootstrap.jar:/usr/share/ant/lib/ant-jdepend.jar:/usr/share/ant/lib/ant-javamail.jar:/usr/share/ant/lib/ant-apache-resolver.jar:/usr/share/ant/lib/ant.jar:/usr/share/ant/lib/ant-nodeps.jar:/usr/share/ant/lib/ant-apache-log4j.jar:/usr/share/ant/lib/ant-commons-logging.jar:/usr/share/ant/lib/ant-junit.jar:/usr/share/ant/lib/ant-trax.jar:/usr/share/ant/lib/ant-swing.jar" />
    <property name="DSTAMP" value="20131203" />
    <property name="ant.library.dir" value="/usr/share/ant/lib" />
    <property name="env.QTDIR" value="/usr/lib/qt-3.3" />
    <property name="os.arch" value="i386" />
    <property name="ant.build.javac.source" value="1.6" />
    <property name="sun.java.launcher" value="SUN_STANDARD" />
    <property name="cobertura.basedir" value="/home/mil2041/Fabien_lab/contig_mapping_project/goby/testsupport/cobertura" />
    <property name="env.IMSETTINGS_INTEGRATE_DESKTOP" value="yes" />
    <property name="goby-io-api-jarfile" value="/home/mil2041/Fabien_lab/contig_mapping_project/goby/goby-io-api.jar" />
    <property name="ant.core.lib" value="/usr/share/java/ant-1.7.1.jar" />
    <property name="java.vm.specification.vendor" value="Sun Microsystems Inc." />
    <property name="TSTAMP" value="1041" />
    <property name="file.separator" value="/" />
    <property name="test-error" value="true" />
    <property name="java.runtime.version" value="1.6.0_45-b06" />
    <property name="goby-io-jarfile" value="/home/mil2041/Fabien_lab/contig_mapping_project/goby/goby-io.jar" />
    <property name="sun.boot.class.path" value="/usr/java/jdk1.6.0_45/jre/lib/resources.jar:/usr/java/jdk1.6.0_45/jre/lib/rt.jar:/usr/java/jdk1.6.0_45/jre/lib/sunrsasign.jar:/usr/java/jdk1.6.0_45/jre/lib/jsse.jar:/usr/java/jdk1.6.0_45/jre/lib/jce.jar:/usr/java/jdk1.6.0_45/jre/lib/charsets.jar:/usr/java/jdk1.6.0_45/jre/lib/modules/jdk.boot.jar:/usr/java/jdk1.6.0_45/jre/classes" />
    <property name="env.SSH_AUTH_SOCK" value="/tmp/keyring-jaroSF/ssh" />
    <property name="ant.file.junit" value="/home/mil2041/Fabien_lab/contig_mapping_project/goby/testsupport/junit/build.xml" />
    <property name="env.QTINC" value="/usr/lib/qt-3.3/include" />
    <property name="user.country" value="US" />
    <property name="env.SHELL" value="/bin/bash" />
    <property name="log4j.config.url" value="file:/home/mil2041/Fabien_lab/contig_mapping_project/goby/config/log4j.properties" />
    <property name="src" value="/home/mil2041/Fabien_lab/contig_mapping_project/goby/src" />
    <property name="ant.file.checkstyle" value="/home/mil2041/Fabien_lab/contig_mapping_project/goby/testsupport/checkstyle/build.xml" />
    <property name="java.vendor" value="Sun Microsystems Inc." />
    <property name="env.GPG_AGENT_INFO" value="/tmp/keyring-jaroSF/gpg:0:1" />
    <property name="env.IMSETTINGS_MODULE" value="none" />
    <property name="java.specification.version" value="1.6" />
    <property name="env.GNOME_DESKTOP_SESSION_ID" value="this-is-deprecated" />
    <property name="sun.arch.data.model" value="32" />
  </properties>
  <testcase classname="edu.cornell.med.icb.goby.algorithmic.data.TestDistinctIntValueCounter" name="testCount1" time="0.0020">
    <error message="Timeout occurred. Please note the time in the report does not reflect the time until the timeout." type="junit.framework.AssertionFailedError">junit.framework.AssertionFailedError: Timeout occurred. Please note the time in the report does not reflect the time until the timeout.
</error>
  </testcase>
</testsuite>
