<?xml version="1.0" encoding="UTF-8" ?>
<testsuite errors="0" failures="0" hostname="localhost.localdomain" name="edu.cornell.med.icb.goby.counts.TestReadWriteCounts" tests="5" time="0.493" timestamp="2013-12-03T15:54:25">
  <properties>
    <property name="ant.file.pmd" value="/home/mil2041/Fabien_lab/contig_mapping_project/goby/testsupport/pmd/build.xml" />
    <property name="buildstamp" value="20131203104145" />
    <property name="env.DESKTOP_SESSION" value="gnome" />
    <property name="file.encoding.pkg" value="sun.io" />
    <property name="test-failure" value="true" />
    <property name="ant.file.cobertura" value="/home/mil2041/Fabien_lab/contig_mapping_project/goby/testsupport/cobertura/build.xml" />
    <property name="java.home" value="/usr/java/jdk1.6.0_45/jre" />
    <property name="checkstyle-config" value="/home/mil2041/Fabien_lab/contig_mapping_project/goby/testsupport/checkstyle/config/icb_checks.xml" />
    <property name="env.GDM_LANG" value="en_US.UTF-8" />
    <property name="checkstyle.basedir" value="/home/mil2041/Fabien_lab/contig_mapping_project/goby/testsupport/checkstyle" />
    <property name="ant.file.jdepend" value="/home/mil2041/Fabien_lab/contig_mapping_project/goby/testsupport/jdepend/build.xml" />
    <property name="env.DISPLAY" value=":0.0" />
    <property name="ant.file.buildsupport" value="/home/mil2041/Fabien_lab/contig_mapping_project/goby/buildsupport/build.xml" />
    <property name="env.LS_COLORS" value="rs=0:di=01;34:ln=01;36:mh=00:pi=40;33:so=01;35:do=01;35:bd=40;33;01:cd=40;33;01:or=40;31;01:mi=01;05;37;41:su=37;41:sg=30;43:ca=30;41:tw=30;42:ow=34;42:st=37;44:ex=01;32:*.tar=01;31:*.tgz=01;31:*.arj=01;31:*.taz=01;31:*.lzh=01;31:*.lzma=01;31:*.tlz=01;31:*.txz=01;31:*.zip=01;31:*.z=01;31:*.Z=01;31:*.dz=01;31:*.gz=01;31:*.lz=01;31:*.xz=01;31:*.bz2=01;31:*.tbz=01;31:*.tbz2=01;31:*.bz=01;31:*.tz=01;31:*.deb=01;31:*.rpm=01;31:*.jar=01;31:*.war=01;31:*.ear=01;31:*.sar=01;31:*.rar=01;31:*.ace=01;31:*.zoo=01;31:*.cpio=01;31:*.7z=01;31:*.rz=01;31:*.jpg=01;35:*.jpeg=01;35:*.gif=01;35:*.bmp=01;35:*.pbm=01;35:*.pgm=01;35:*.ppm=01;35:*.tga=01;35:*.xbm=01;35:*.xpm=01;35:*.tif=01;35:*.tiff=01;35:*.png=01;35:*.svg=01;35:*.svgz=01;35:*.mng=01;35:*.pcx=01;35:*.mov=01;35:*.mpg=01;35:*.mpeg=01;35:*.m2v=01;35:*.mkv=01;35:*.ogm=01;35:*.mp4=01;35:*.m4v=01;35:*.mp4v=01;35:*.vob=01;35:*.qt=01;35:*.nuv=01;35:*.wmv=01;35:*.asf=01;35:*.rm=01;35:*.rmvb=01;35:*.flc=01;35:*.avi=01;35:*.fli=01;35:*.flv=01;35:*.gl=01;35:*.dl=01;35:*.xcf=01;35:*.xwd=01;35:*.yuv=01;35:*.cgm=01;35:*.emf=01;35:*.axv=01;35:*.anx=01;35:*.ogv=01;35:*.ogx=01;35:*.aac=01;36:*.au=01;36:*.flac=01;36:*.mid=01;36:*.midi=01;36:*.mka=01;36:*.mp3=01;36:*.mpc=01;36:*.ogg=01;36:*.ra=01;36:*.wav=01;36:*.axa=01;36:*.oga=01;36:*.spx=01;36:*.xspf=01;36:" />
    <property name="debug" value="on" />
    <property name="env.XDG_SESSION_COOKIE" value="0456f3d531283064b45a24f40000001b-1386083962.104055-1051940053" />
    <property name="goby-spi-jarfile" value="/home/mil2041/Fabien_lab/contig_mapping_project/goby/goby-spi.jar" />
    <property name="java.endorsed.dirs" value="/usr/java/jdk1.6.0_45/jre/lib/endorsed" />
    <property name="env.LOGNAME" value="mil2041" />
    <property name="build.basedir" value="/home/mil2041/Fabien_lab/contig_mapping_project/goby" />
    <property name="env.USERNAME" value="mil2041" />
    <property name="env.SESSION_MANAGER" value="local/unix:@/tmp/.ICE-unix/1490,unix/unix:/tmp/.ICE-unix/1490" />
    <property name="sun.os.patch.level" value="unknown" />
    <property name="log4j.debug" value="true" />
    <property name="java.vendor.url" value="http://java.sun.com/" />
    <property name="env.G_BROKEN_FILENAMES" value="1" />
    <property name="java.version" value="1.6.0_45" />
    <property name="env.ORBIT_SOCKETDIR" value="/tmp/orbit-mil2041" />
    <property name="classes" value="/home/mil2041/Fabien_lab/contig_mapping_project/goby/classes" />
    <property name="java.vendor.url.bug" value="http://java.sun.com/cgi-bin/bugreport.cgi" />
    <property name="goby-jarfile-name" value="goby.jar" />
    <property name="cobertura-classes" value="/home/mil2041/Fabien_lab/contig_mapping_project/goby/cobertura-classes" />
    <property name="test.timeout" value="600000" />
    <property name="env.GNOME_KEYRING_CONTROL" value="/tmp/keyring-jaroSF" />
    <property name="user.name" value="mil2041" />
    <property name="env.LANG" value="en_US.UTF-8" />
    <property name="svnhost" value="pbtech-vc.med.cornell.edu" />
    <property name="env.CVS_RSH" value="ssh" />
    <property name="ant.file.testsupport" value="/home/mil2041/Fabien_lab/contig_mapping_project/goby/testsupport/build.xml" />
    <property name="sun.io.unicode.encoding" value="UnicodeLittle" />
    <property name="sun.jnu.encoding" value="UTF-8" />
    <property name="env.DBUS_SESSION_BUS_ADDRESS" value="unix:abstract=/tmp/dbus-cwK4HfnSB4,guid=93d69ed8242fbbb73c252dc800060a14" />
    <property name="java.runtime.name" value="Java(TM) SE Runtime Environment" />
    <property name="env.SSH_ASKPASS" value="/usr/libexec/openssh/gnome-ssh-askpass" />
    <property name="optimize" value="on" />
    <property name="label" value="development" />
    <property name="java.specification.name" value="Java Platform API Specification" />
    <property name="user.timezone" value="" />
    <property name="env.LESSOPEN" value="||/usr/bin/lesspipe.sh %s" />
    <property name="goby-jarfile" value="/home/mil2041/Fabien_lab/contig_mapping_project/goby/goby.jar" />
    <property name="path.separator" value=":" />
    <property name="env.XMODIFIERS" value="@im=none" />
    <property name="file.encoding" value="UTF-8" />
    <property name="test-src" value="/home/mil2041/Fabien_lab/contig_mapping_project/goby/test-src" />
    <property name="logs" value="/home/mil2041/Fabien_lab/contig_mapping_project/goby/logs" />
    <property name="lib" value="/home/mil2041/Fabien_lab/contig_mapping_project/goby/lib" />
    <property name="env.HOME" value="/home/mil2041" />
    <property name="sun.java.command" value="org.apache.tools.ant.taskdefs.optional.junit.JUnitTestRunner edu.cornell.med.icb.goby.counts.TestReadWriteCounts filtertrace=true haltOnError=false haltOnFailure=false formatter=org.apache.tools.ant.taskdefs.optional.junit.SummaryJUnitResultFormatter showoutput=true outputtoformatters=true logtestlistenerevents=true formatter=org.apache.tools.ant.taskdefs.optional.junit.PlainJUnitResultFormatter formatter=org.apache.tools.ant.taskdefs.optional.junit.XMLJUnitResultFormatter,/home/mil2041/Fabien_lab/contig_mapping_project/goby/test-results/TEST-edu.cornell.med.icb.goby.counts.TestReadWriteCounts.xml crashfile=/home/mil2041/Fabien_lab/contig_mapping_project/goby/junitvmwatcher5524563941668934750.properties propsfile=/home/mil2041/Fabien_lab/contig_mapping_project/goby/junit2275442075922265568.properties" />
    <property name="ant.file" value="/home/mil2041/Fabien_lab/contig_mapping_project/goby/build.xml" />
    <property name="test-results" value="/home/mil2041/Fabien_lab/contig_mapping_project/goby/test-results" />
    <property name="timeout" value="600000" />
    <property name="env.HOSTNAME" value="localhost.localdomain" />
    <property name="java.io.tmpdir" value="/tmp" />
    <property name="env.GNOME_KEYRING_PID" value="1478" />
    <property name="TODAY" value="December 3 2013" />
    <property name="user.language" value="en" />
    <property name="env.HISTCONTROL" value="ignoredups" />
    <property name="line.separator" value="
" />
    <property name="config" value="/home/mil2041/Fabien_lab/contig_mapping_project/goby/config" />
    <property name="env.HISTSIZE" value="1000" />
    <property name="svnant-lib" value="/home/mil2041/Fabien_lab/contig_mapping_project/goby/buildsupport/svnant" />
    <property name="java.vm.info" value="mixed mode, sharing" />
    <property name="sun.desktop" value="gnome" />
    <property name="java.vm.specification.name" value="Java Virtual Machine Specification" />
    <property name="env.COLORTERM" value="gnome-terminal" />
    <property name="pmd.basedir" value="/home/mil2041/Fabien_lab/contig_mapping_project/goby/testsupport/pmd" />
    <property name="env.GDMSESSION" value="gnome" />
    <property name="java.awt.printerjob" value="sun.print.PSPrinterJob" />
    <property name="ant.version" value="Apache Ant version 1.7.1 compiled on April 16 2010" />
    <property name="env.WINDOWID" value="77597089" />
    <property name="env.R_HOMED" value="/home/mil2041/R_home/R-dist" />
    <property name="os.name" value="Linux" />
    <property name="java.specification.vendor" value="Sun Microsystems Inc." />
    <property name="pre-test-task" value="pre-test-task" />
    <property name="env.TERM" value="xterm" />
    <property name="java.vm.name" value="Java HotSpot(TM) Client VM" />
    <property name="env.QT_IM_MODULE" value="xim" />
    <property name="test-lib" value="/home/mil2041/Fabien_lab/contig_mapping_project/goby/test-lib" />
    <property name="java.library.path" value="/usr/java/jdk1.6.0_45/jre/lib/i386/client:/usr/java/jdk1.6.0_45/jre/lib/i386:/usr/java/jdk1.6.0_45/jre/../lib/i386:/usr/java/packages/lib/i386:/lib:/usr/lib" />
    <property name="env.PATH" value="/home/mil2041/R_home/R-dist/bin:/usr/java/jdk1.6.0_45/bin:/home/mil2041/R_home/R-dist/bin:/usr/java/jdk1.6.0_45/bin:/usr/lib/qt-3.3/bin:/usr/lib/ccache:/usr/local/bin:/usr/bin:/bin:/usr/local/sbin:/usr/sbin:/sbin:/home/mil2041/bin" />
    <property name="ant.java.version" value="1.6" />
    <property name="basedir" value="/home/mil2041/Fabien_lab/contig_mapping_project/goby" />
    <property name="java.class.version" value="50.0" />
    <property name="env.SHLVL" value="2" />
    <property name="env.LD_LIBRARY_PATH" value="/usr/java/jdk1.6.0_45/jre/lib/i386/client:/usr/java/jdk1.6.0_45/jre/lib/i386:/usr/java/jdk1.6.0_45/jre/../lib/i386" />
    <property name="ant.home" value="/usr/share/ant" />
    <property name="log4j.configuration" value="file:/home/mil2041/Fabien_lab/contig_mapping_project/goby/config/log4j.properties" />
    <property name="javadocs" value="/home/mil2041/Fabien_lab/contig_mapping_project/goby/javadocs" />
    <property name="net.sourceforge.cobertura.datafile" value="/home/mil2041/Fabien_lab/contig_mapping_project/goby/cobertura.ser" />
    <property name="sun.boot.library.path" value="/usr/java/jdk1.6.0_45/jre/lib/i386" />
    <property name="max.memory" value="2000m" />
    <property name="sun.management.compiler" value="HotSpot Client Compiler" />
    <property name="java.awt.graphicsenv" value="sun.awt.X11GraphicsEnvironment" />
    <property name="year" value="2013" />
    <property name="env.USER" value="mil2041" />
    <property name="goby-api-jarfile" value="/home/mil2041/Fabien_lab/contig_mapping_project/goby/goby-api.jar" />
    <property name="ant.project.name" value="goby" />
    <property name="ant.file.goby" value="/home/mil2041/Fabien_lab/contig_mapping_project/goby/build.xml" />
    <property name="java.vm.specification.version" value="1.0" />
    <property name="env.GDM_KEYBOARD_LAYOUT" value="us" />
    <property name="test-classes" value="/home/mil2041/Fabien_lab/contig_mapping_project/goby/test-classes" />
    <property name="env.NLSPATH" value="/usr/dt/lib/nls/msg/%L/%N.cat" />
    <property name="test.max.memory" value="2000m" />
    <property name="sun.cpu.isalist" value="" />
    <property name="java.ext.dirs" value="/usr/java/jdk1.6.0_45/jre/lib/ext:/usr/java/packages/lib/ext" />
    <property name="findbugs.basedir" value="/home/mil2041/Fabien_lab/contig_mapping_project/goby/testsupport/findbugs" />
    <property name="os.version" value="2.6.35.14-106.fc14.i686" />
    <property name="user.home" value="/home/mil2041" />
    <property name="java.vm.vendor" value="Sun Microsystems Inc." />
    <property name="env.JAVA_HOME" value="/usr/java/jdk1.6.0_45/bin/.." />
    <property name="env.XAUTHORITY" value="/var/run/gdm/auth-for-mil2041-mxkn8D/database" />
    <property name="junit.basedir" value="/home/mil2041/Fabien_lab/contig_mapping_project/goby/testsupport/junit" />
    <property name="user.dir" value="/home/mil2041/Fabien_lab/contig_mapping_project/goby" />
    <property name="env.XFILESEARCHPATH" value="/usr/dt/app-defaults/%L/Dt" />
    <property name="env.WINDOWPATH" value="7" />
    <property name="env.MAIL" value="/var/spool/mail/mil2041" />
    <property name="ant.file.findbugs" value="/home/mil2041/Fabien_lab/contig_mapping_project/goby/testsupport/findbugs/build.xml" />
    <property name="env.PWD" value="/home/mil2041/Fabien_lab/contig_mapping_project/goby" />
    <property name="osfamily" value="unix" />
    <property name="buildsupport.basedir" value="/home/mil2041/Fabien_lab/contig_mapping_project/goby/buildsupport" />
    <property name="sun.cpu.endian" value="little" />
    <property name="env.QTLIB" value="/usr/lib/qt-3.3/lib" />
    <property name="ant.build.javac.target" value="1.6" />
    <property name="deprecation" value="off" />
    <property name="java.vm.version" value="20.45-b01" />
    <property name="java.class.path" value="/home/mil2041/Fabien_lab/contig_mapping_project/goby/cobertura-classes:/home/mil2041/Fabien_lab/contig_mapping_project/goby/classes:/home/mil2041/Fabien_lab/contig_mapping_project/goby/test-classes:/home/mil2041/Fabien_lab/contig_mapping_project/goby/testsupport/junit/lib/junit-4.8.2.jar:/home/mil2041/Fabien_lab/contig_mapping_project/goby/testsupport/junit/lib/junit-addons-1.4.jar:/home/mil2041/Fabien_lab/contig_mapping_project/goby/testsupport/junit/lib/xmlunit-1.2.jar:/home/mil2041/Fabien_lab/contig_mapping_project/goby/test-lib/goby-spi.jar:/home/mil2041/Fabien_lab/contig_mapping_project/goby/config:/home/mil2041/Fabien_lab/contig_mapping_project/goby/lib/JRI.jar:/home/mil2041/Fabien_lab/contig_mapping_project/goby/lib/JSAP-2.1.jar:/home/mil2041/Fabien_lab/contig_mapping_project/goby/lib/asm-4.0_RC1.jar:/home/mil2041/Fabien_lab/contig_mapping_project/goby/lib/bdval-api.jar:/home/mil2041/Fabien_lab/contig_mapping_project/goby/lib/bzip2.jar:/home/mil2041/Fabien_lab/contig_mapping_project/goby/lib/cglib-2.2.2.jar:/home/mil2041/Fabien_lab/contig_mapping_project/goby/lib/commons-collections-3.2.1.jar:/home/mil2041/Fabien_lab/contig_mapping_project/goby/lib/commons-configuration-1.6.jar:/home/mil2041/Fabien_lab/contig_mapping_project/goby/lib/commons-exec-1.0.1.jar:/home/mil2041/Fabien_lab/contig_mapping_project/goby/lib/commons-io-2.4.jar:/home/mil2041/Fabien_lab/contig_mapping_project/goby/lib/commons-lang-2.5.jar:/home/mil2041/Fabien_lab/contig_mapping_project/goby/lib/commons-logging-1.1.1.jar:/home/mil2041/Fabien_lab/contig_mapping_project/goby/lib/commons-math-2.1.jar:/home/mil2041/Fabien_lab/contig_mapping_project/goby/lib/dsiutils-2.0.14.jar:/home/mil2041/Fabien_lab/contig_mapping_project/goby/lib/easymock-3.0.jar:/home/mil2041/Fabien_lab/contig_mapping_project/goby/lib/edu.mssm.crover.cli.jar:/home/mil2041/Fabien_lab/contig_mapping_project/goby/lib/fastutil-6.3.jar:/home/mil2041/Fabien_lab/contig_mapping_project/goby/lib/guava-r08.jar:/home/mil2041/Fabien_lab/contig_mapping_project/goby/lib/icb-utils.jar:/home/mil2041/Fabien_lab/contig_mapping_project/goby/lib/javassist-3.12.1.GA.jar:/home/mil2041/Fabien_lab/contig_mapping_project/goby/lib/junitx-5.1.jar:/home/mil2041/Fabien_lab/contig_mapping_project/goby/lib/log4j-1.2.15.jar:/home/mil2041/Fabien_lab/contig_mapping_project/goby/lib/objenesis-1.2.jar:/home/mil2041/Fabien_lab/contig_mapping_project/goby/lib/picard-1.64.jar:/home/mil2041/Fabien_lab/contig_mapping_project/goby/lib/pj20091226.jar:/home/mil2041/Fabien_lab/contig_mapping_project/goby/lib/protobuf-java-2.4.1.jar:/home/mil2041/Fabien_lab/contig_mapping_project/goby/lib/reflections-0.9.5.jar:/home/mil2041/Fabien_lab/contig_mapping_project/goby/lib/reflections-0.9.5.one-jar.jar:/home/mil2041/Fabien_lab/contig_mapping_project/goby/lib/sam-1.64.jar:/home/mil2041/Fabien_lab/contig_mapping_project/goby/lib/slf4j-api-1.6.1.jar:/home/mil2041/Fabien_lab/contig_mapping_project/goby/lib/slf4j-nop-1.6.4.jar:/home/mil2041/Fabien_lab/contig_mapping_project/goby/lib/squil.jar:/home/mil2041/Fabien_lab/contig_mapping_project/goby/lib/tisim-api.jar:/home/mil2041/Fabien_lab/contig_mapping_project/goby/lib/xstream-1.4.3.jar:/home/mil2041/Fabien_lab/contig_mapping_project/goby/testsupport/cobertura/lib/asm-3.0.jar:/home/mil2041/Fabien_lab/contig_mapping_project/goby/testsupport/cobertura/lib/asm-tree-3.0.jar:/home/mil2041/Fabien_lab/contig_mapping_project/goby/testsupport/cobertura/lib/cobertura.jar:/home/mil2041/Fabien_lab/contig_mapping_project/goby/testsupport/cobertura/lib/jakarta-oro-2.0.8.jar:/home/mil2041/Fabien_lab/contig_mapping_project/goby/testsupport/cobertura/lib/log4j-1.2.15.jar:/usr/share/java/junit-3.8.2.jar:/usr/share/java/ant-launcher-1.7.1.jar:/usr/share/java/ant-1.7.1.jar:/usr/share/java/ant/ant-junit-1.7.1.jar" />
    <property name="DSTAMP" value="20131203" />
    <property name="ant.library.dir" value="/usr/share/ant/lib" />
    <property name="env.QTDIR" value="/usr/lib/qt-3.3" />
    <property name="os.arch" value="i386" />
    <property name="ant.build.javac.source" value="1.6" />
    <property name="sun.java.launcher" value="SUN_STANDARD" />
    <property name="cobertura.basedir" value="/home/mil2041/Fabien_lab/contig_mapping_project/goby/testsupport/cobertura" />
    <property name="env.IMSETTINGS_INTEGRATE_DESKTOP" value="yes" />
    <property name="goby-io-api-jarfile" value="/home/mil2041/Fabien_lab/contig_mapping_project/goby/goby-io-api.jar" />
    <property name="ant.core.lib" value="/usr/share/java/ant-1.7.1.jar" />
    <property name="java.vm.specification.vendor" value="Sun Microsystems Inc." />
    <property name="TSTAMP" value="1041" />
    <property name="file.separator" value="/" />
    <property name="test-error" value="true" />
    <property name="java.runtime.version" value="1.6.0_45-b06" />
    <property name="goby-io-jarfile" value="/home/mil2041/Fabien_lab/contig_mapping_project/goby/goby-io.jar" />
    <property name="sun.boot.class.path" value="/usr/java/jdk1.6.0_45/jre/lib/resources.jar:/usr/java/jdk1.6.0_45/jre/lib/rt.jar:/usr/java/jdk1.6.0_45/jre/lib/sunrsasign.jar:/usr/java/jdk1.6.0_45/jre/lib/jsse.jar:/usr/java/jdk1.6.0_45/jre/lib/jce.jar:/usr/java/jdk1.6.0_45/jre/lib/charsets.jar:/usr/java/jdk1.6.0_45/jre/lib/modules/jdk.boot.jar:/usr/java/jdk1.6.0_45/jre/classes" />
    <property name="env.SSH_AUTH_SOCK" value="/tmp/keyring-jaroSF/ssh" />
    <property name="ant.file.junit" value="/home/mil2041/Fabien_lab/contig_mapping_project/goby/testsupport/junit/build.xml" />
    <property name="env.QTINC" value="/usr/lib/qt-3.3/include" />
    <property name="user.country" value="US" />
    <property name="env.SHELL" value="/bin/bash" />
    <property name="log4j.config.url" value="file:/home/mil2041/Fabien_lab/contig_mapping_project/goby/config/log4j.properties" />
    <property name="src" value="/home/mil2041/Fabien_lab/contig_mapping_project/goby/src" />
    <property name="ant.file.checkstyle" value="/home/mil2041/Fabien_lab/contig_mapping_project/goby/testsupport/checkstyle/build.xml" />
    <property name="java.vendor" value="Sun Microsystems Inc." />
    <property name="env.GPG_AGENT_INFO" value="/tmp/keyring-jaroSF/gpg:0:1" />
    <property name="env.IMSETTINGS_MODULE" value="none" />
    <property name="java.specification.version" value="1.6" />
    <property name="env.GNOME_DESKTOP_SESSION_ID" value="this-is-deprecated" />
    <property name="sun.arch.data.model" value="32" />
  </properties>
  <testcase classname="edu.cornell.med.icb.goby.counts.TestReadWriteCounts" name="testReadWrite" time="0.172" />
  <testcase classname="edu.cornell.med.icb.goby.counts.TestReadWriteCounts" name="testDeltaCount" time="0.01" />
  <testcase classname="edu.cornell.med.icb.goby.counts.TestReadWriteCounts" name="testReadTransitions" time="0.0020" />
  <testcase classname="edu.cornell.med.icb.goby.counts.TestReadWriteCounts" name="testReadWrite2" time="0.016" />
  <testcase classname="edu.cornell.med.icb.goby.counts.TestReadWriteCounts" name="testReadWrite3" time="0.116" />
  <system-out><![CDATA[log4j: Using URL [file:/home/mil2041/Fabien_lab/contig_mapping_project/goby/config/log4j.properties] for automatic log4j configuration.
log4j: Reading configuration from URL file:/home/mil2041/Fabien_lab/contig_mapping_project/goby/config/log4j.properties
Appending count: 10744 length: 5
Appending count: 11386 length: 5
Appending count: 19209 length: 2
Appending count: 40386 length: 7
Appending count: 9056 length: 1
Appending count: 6934 length: 5
Appending count: 8510 length: 3
Appending count: 4165 length: 6
Appending count: 32516 length: 8
Appending count: 15823 length: 7
Appending count: 26259 length: 2
Appending count: 44229 length: 4
Appending count: 38735 length: 2
Appending count: 40444 length: 7
Appending count: 1359 length: 6
Appending count: 21198 length: 9
Appending count: 6211 length: 8
Appending count: 28829 length: 5
Appending count: 10130 length: 7
Appending count: 11300 length: 5
Appending count: 42736 length: 5
Appending count: 13645 length: 4
Appending count: 38280 length: 7
Appending count: 42008 length: 8
Appending count: 44204 length: 9
Appending count: 33342 length: 9
Appending count: 45638 length: 4
Appending count: 5347 length: 1
Appending count: 2009 length: 2
Appending count: 22609 length: 1
 position= 0 count= 10744
 position= 1 count= 10744
 position= 2 count= 10744
 position= 3 count= 10744
 position= 4 count= 10744
 position= 5 count= 11386
 position= 6 count= 11386
 position= 7 count= 11386
 position= 8 count= 11386
 position= 9 count= 11386
 position= 10 count= 19209
 position= 11 count= 19209
 position= 12 count= 40386
 position= 13 count= 40386
 position= 14 count= 40386
 position= 15 count= 40386
 position= 16 count= 40386
 position= 17 count= 40386
 position= 18 count= 40386
 position= 19 count= 9056
 position= 20 count= 6934
 position= 21 count= 6934
 position= 22 count= 6934
 position= 23 count= 6934
 position= 24 count= 6934
 position= 25 count= 8510
 position= 26 count= 8510
 position= 27 count= 8510
 position= 28 count= 4165
 position= 29 count= 4165
 position= 30 count= 4165
 position= 31 count= 4165
 position= 32 count= 4165
 position= 33 count= 4165
 position= 34 count= 32516
 position= 35 count= 32516
 position= 36 count= 32516
 position= 37 count= 32516
 position= 38 count= 32516
 position= 39 count= 32516
 position= 40 count= 32516
 position= 41 count= 32516
 position= 42 count= 15823
 position= 43 count= 15823
 position= 44 count= 15823
 position= 45 count= 15823
 position= 46 count= 15823
 position= 47 count= 15823
 position= 48 count= 15823
 position= 49 count= 26259
 position= 50 count= 26259
 position= 51 count= 44229
 position= 52 count= 44229
 position= 53 count= 44229
 position= 54 count= 44229
 position= 55 count= 38735
 position= 56 count= 38735
 position= 57 count= 40444
 position= 58 count= 40444
 position= 59 count= 40444
 position= 60 count= 40444
 position= 61 count= 40444
 position= 62 count= 40444
 position= 63 count= 40444
 position= 64 count= 1359
 position= 65 count= 1359
 position= 66 count= 1359
 position= 67 count= 1359
 position= 68 count= 1359
 position= 69 count= 1359
 position= 70 count= 21198
 position= 71 count= 21198
 position= 72 count= 21198
 position= 73 count= 21198
 position= 74 count= 21198
 position= 75 count= 21198
 position= 76 count= 21198
 position= 77 count= 21198
 position= 78 count= 21198
 position= 79 count= 6211
 position= 80 count= 6211
 position= 81 count= 6211
 position= 82 count= 6211
 position= 83 count= 6211
 position= 84 count= 6211
 position= 85 count= 6211
 position= 86 count= 6211
 position= 87 count= 28829
 position= 88 count= 28829
 position= 89 count= 28829
 position= 90 count= 28829
 position= 91 count= 28829
 position= 92 count= 10130
 position= 93 count= 10130
 position= 94 count= 10130
 position= 95 count= 10130
 position= 96 count= 10130
 position= 97 count= 10130
 position= 98 count= 10130
 position= 99 count= 11300
 position= 100 count= 11300
 position= 101 count= 11300
 position= 102 count= 11300
 position= 103 count= 11300
 position= 104 count= 42736
 position= 105 count= 42736
 position= 106 count= 42736
 position= 107 count= 42736
 position= 108 count= 42736
 position= 109 count= 13645
 position= 110 count= 13645
 position= 111 count= 13645
 position= 112 count= 13645
 position= 113 count= 38280
 position= 114 count= 38280
 position= 115 count= 38280
 position= 116 count= 38280
 position= 117 count= 38280
 position= 118 count= 38280
 position= 119 count= 38280
 position= 120 count= 42008
 position= 121 count= 42008
 position= 122 count= 42008
 position= 123 count= 42008
 position= 124 count= 42008
 position= 125 count= 42008
 position= 126 count= 42008
 position= 127 count= 42008
 position= 128 count= 44204
 position= 129 count= 44204
 position= 130 count= 44204
 position= 131 count= 44204
 position= 132 count= 44204
 position= 133 count= 44204
 position= 134 count= 44204
 position= 135 count= 44204
 position= 136 count= 44204
 position= 137 count= 33342
 position= 138 count= 33342
 position= 139 count= 33342
 position= 140 count= 33342
 position= 141 count= 33342
 position= 142 count= 33342
 position= 143 count= 33342
 position= 144 count= 33342
 position= 145 count= 33342
 position= 146 count= 45638
 position= 147 count= 45638
 position= 148 count= 45638
 position= 149 count= 45638
 position= 150 count= 5347
 position= 151 count= 2009
 position= 152 count= 2009
 position= 153 count= 22609
]]></system-out>
  <system-err><![CDATA[log4j:ERROR Could not read configuration file from URL [file:/home/mil2041/Fabien_lab/contig_mapping_project/goby/config/log4j.properties].
java.io.FileNotFoundException: /home/mil2041/Fabien_lab/contig_mapping_project/goby/config/log4j.properties (No such file or directory)
	at java.io.FileInputStream.open(Native Method)
	at java.io.FileInputStream.<init>(FileInputStream.java:120)
	at java.io.FileInputStream.<init>(FileInputStream.java:79)
	at sun.net.www.protocol.file.FileURLConnection.connect(FileURLConnection.java:70)
	at sun.net.www.protocol.file.FileURLConnection.getInputStream(FileURLConnection.java:161)
	at java.net.URL.openStream(URL.java:1010)
	at org.apache.log4j.PropertyConfigurator.doConfigure(PropertyConfigurator.java:459)
	at org.apache.log4j.helpers.OptionConverter.selectAndConfigure(OptionConverter.java:471)
	at org.apache.log4j.LogManager.<clinit>(LogManager.java:125)
	at org.apache.log4j.Logger.getLogger(Logger.java:105)
	at org.apache.commons.logging.impl.Log4JLogger.getLogger(Log4JLogger.java:289)
	at org.apache.commons.logging.impl.Log4JLogger.<init>(Log4JLogger.java:109)
	at sun.reflect.NativeConstructorAccessorImpl.newInstance0(Native Method)
	at sun.reflect.NativeConstructorAccessorImpl.newInstance(NativeConstructorAccessorImpl.java:39)
	at sun.reflect.DelegatingConstructorAccessorImpl.newInstance(DelegatingConstructorAccessorImpl.java:27)
	at java.lang.reflect.Constructor.newInstance(Constructor.java:513)
	at org.apache.commons.logging.impl.LogFactoryImpl.createLogFromClass(LogFactoryImpl.java:1116)
	at org.apache.commons.logging.impl.LogFactoryImpl.discoverLogImplementation(LogFactoryImpl.java:914)
	at org.apache.commons.logging.impl.LogFactoryImpl.newInstance(LogFactoryImpl.java:604)
	at org.apache.commons.logging.impl.LogFactoryImpl.getInstance(LogFactoryImpl.java:336)
	at org.apache.commons.logging.impl.LogFactoryImpl.getInstance(LogFactoryImpl.java:310)
	at org.apache.commons.logging.LogFactory.getLog(LogFactory.java:685)
	at edu.cornell.med.icb.goby.counts.TestReadWriteCounts.<clinit>(TestReadWriteCounts.java:44)
	at java.lang.Class.forName0(Native Method)
	at java.lang.Class.forName(Class.java:171)
	at org.apache.tools.ant.taskdefs.optional.junit.JUnitTestRunner.run(JUnitTestRunner.java:335)
	at org.apache.tools.ant.taskdefs.optional.junit.JUnitTestRunner.launch(JUnitTestRunner.java:911)
	at org.apache.tools.ant.taskdefs.optional.junit.JUnitTestRunner.main(JUnitTestRunner.java:768)
log4j:ERROR Ignoring configuration file [file:/home/mil2041/Fabien_lab/contig_mapping_project/goby/config/log4j.properties].
log4j:WARN No appenders could be found for logger (edu.cornell.med.icb.goby.counts.TestReadWriteCounts).
log4j:WARN Please initialize the log4j system properly.
]]></system-err>
</testsuite>
